1581685981863	mozrunner::runner	INFO	Running command: "/usr/bin/firefox" "-marionette" "-foreground" "-no-remote" "-profile" "/tmp/rust_mozprofile55iKCf"
1581685982185	addons.webextension.doh-rollout@mozilla.org	WARN	Loading extension 'doh-rollout@mozilla.org': Reading manifest: Invalid extension permission: networkStatus
1581685982528	addons.webextension.screenshots@mozilla.org	WARN	Loading extension 'screenshots@mozilla.org': Reading manifest: Invalid extension permission: mozillaAddons
1581685982529	addons.webextension.screenshots@mozilla.org	WARN	Loading extension 'screenshots@mozilla.org': Reading manifest: Invalid extension permission: telemetry
1581685982529	addons.webextension.screenshots@mozilla.org	WARN	Loading extension 'screenshots@mozilla.org': Reading manifest: Invalid extension permission: resource://pdf.js/
1581685982529	addons.webextension.screenshots@mozilla.org	WARN	Loading extension 'screenshots@mozilla.org': Reading manifest: Invalid extension permission: about:reader*
1581685984290	Marionette	INFO	Listening on port 40861
1581685984369	Marionette	WARN	TLS certificate errors will be ignored for this session
1581686145078	Marionette	INFO	Stopped listening on port 40861
1581686160416	mozrunner::runner	INFO	Running command: "/usr/bin/firefox" "-marionette" "-foreground" "-no-remote" "-profile" "/tmp/rust_mozprofileHGlymX"
1581686160727	addons.webextension.doh-rollout@mozilla.org	WARN	Loading extension 'doh-rollout@mozilla.org': Reading manifest: Invalid extension permission: networkStatus
1581686161073	addons.webextension.screenshots@mozilla.org	WARN	Loading extension 'screenshots@mozilla.org': Reading manifest: Invalid extension permission: mozillaAddons
1581686161073	addons.webextension.screenshots@mozilla.org	WARN	Loading extension 'screenshots@mozilla.org': Reading manifest: Invalid extension permission: telemetry
1581686161073	addons.webextension.screenshots@mozilla.org	WARN	Loading extension 'screenshots@mozilla.org': Reading manifest: Invalid extension permission: resource://pdf.js/
1581686161074	addons.webextension.screenshots@mozilla.org	WARN	Loading extension 'screenshots@mozilla.org': Reading manifest: Invalid extension permission: about:reader*
1581686162831	Marionette	INFO	Listening on port 44559
1581686162923	Marionette	WARN	TLS certificate errors will be ignored for this session
IPDL protocol error: Handler returned error code!

###!!! [Parent][DispatchAsyncMessage] Error: PLayerTransaction::Msg_ReleaseLayer Processing error: message was deserialized, but the handler returned false (indicating failure)

IPDL protocol error: Handler returned error code!

###!!! [Parent][DispatchAsyncMessage] Error: PLayerTransaction::Msg_ReleaseLayer Processing error: message was deserialized, but the handler returned false (indicating failure)

IPDL protocol error: Handler returned error code!

###!!! [Parent][DispatchAsyncMessage] Error: PLayerTransaction::Msg_ReleaseLayer Processing error: message was deserialized, but the handler returned false (indicating failure)


###!!! [Child][MessageChannel] Error: (msgtype=0x59000D,name=PHttpChannel::Msg_DeletingChannel) Channel closing: too late to send/recv, messages will be lost

1581686183479	Marionette	INFO	Stopped listening on port 44559
1581686461874	mozrunner::runner	INFO	Running command: "/usr/bin/firefox" "-marionette" "-foreground" "-no-remote" "-profile" "/tmp/rust_mozprofileoruUhn"
1581686462216	addons.webextension.doh-rollout@mozilla.org	WARN	Loading extension 'doh-rollout@mozilla.org': Reading manifest: Invalid extension permission: networkStatus
1581686462566	addons.webextension.screenshots@mozilla.org	WARN	Loading extension 'screenshots@mozilla.org': Reading manifest: Invalid extension permission: mozillaAddons
1581686462566	addons.webextension.screenshots@mozilla.org	WARN	Loading extension 'screenshots@mozilla.org': Reading manifest: Invalid extension permission: telemetry
1581686462566	addons.webextension.screenshots@mozilla.org	WARN	Loading extension 'screenshots@mozilla.org': Reading manifest: Invalid extension permission: resource://pdf.js/
1581686462566	addons.webextension.screenshots@mozilla.org	WARN	Loading extension 'screenshots@mozilla.org': Reading manifest: Invalid extension permission: about:reader*
1581686464118	Marionette	INFO	Listening on port 44451
1581686464184	Marionette	WARN	TLS certificate errors will be ignored for this session
JavaScript warning: https://abs.twimg.com/responsive-web/web/vendors~main.e322e594.js, line 1: Error: Script terminated by timeout at:
a@https://abs.twimg.com/responsive-web/web/vendors~main.e322e594.js:1:23630
l/<@https://abs.twimg.com/responsive-web/web/vendors~main.e322e594.js:1:25211
l@https://abs.twimg.com/responsive-web/web/vendors~main.e322e594.js:1:25893
4j6l/i.extractEvents@https://abs.twimg.com/responsive-web/web/vendors~main.e322e594.js:1:27245
kn@https://abs.twimg.com/responsive-web/web/vendors~main.e322e594.js:65:30358
Ia@https://abs.twimg.com/responsive-web/web/vendors~main.e322e594.js:65:98430
ze@https://abs.twimg.com/responsive-web/web/vendors~main.e322e594.js:65:10273
Cn@https://abs.twimg.com/responsive-web/web/vendors~main.e322e594.js:65:30876
Fa/<@https://abs.twimg.com/responsive-web/web/vendors~main.e322e594.js:65:98708
hf2P/</t.unstable_runWithPriority@https://abs.twimg.com/responsive-web/web/main.603ebc94.js:10:2818
Fa@https://abs.twimg.com/responsive-web/web/vendors~main.e322e594.js:65:98632
Tn@https://abs.twimg.com/responsive-web/web/vendors~main.e322e594.js:65:30619

1581686865549	mozrunner::runner	INFO	Running command: "/usr/bin/firefox" "-marionette" "-foreground" "-no-remote" "-profile" "/tmp/rust_mozprofileZ0HRH4"
1581686865846	addons.webextension.doh-rollout@mozilla.org	WARN	Loading extension 'doh-rollout@mozilla.org': Reading manifest: Invalid extension permission: networkStatus
1581686866228	addons.webextension.screenshots@mozilla.org	WARN	Loading extension 'screenshots@mozilla.org': Reading manifest: Invalid extension permission: mozillaAddons
1581686866228	addons.webextension.screenshots@mozilla.org	WARN	Loading extension 'screenshots@mozilla.org': Reading manifest: Invalid extension permission: telemetry
1581686866228	addons.webextension.screenshots@mozilla.org	WARN	Loading extension 'screenshots@mozilla.org': Reading manifest: Invalid extension permission: resource://pdf.js/
1581686866228	addons.webextension.screenshots@mozilla.org	WARN	Loading extension 'screenshots@mozilla.org': Reading manifest: Invalid extension permission: about:reader*
1581686867878	Marionette	INFO	Listening on port 35411
1581686867959	Marionette	WARN	TLS certificate errors will be ignored for this session
console.warn: LoginRecipes: "getRecipes: falling back to a synchronous message for:" "https://twitter.com"
console.error: (new TypeError("currentNode is null", "resource://devtools/client/inspector/shared/style-change-tracker.js", 66))
TypeError: currentNode is null: canMutationImpactCurrentStyles@resource://devtools/client/inspector/shared/style-change-tracker.js:66:20
onMutations@resource://devtools/client/inspector/shared/style-change-tracker.js:84:41
emit@resource://devtools/shared/event-emitter.js:195:24
emit@resource://devtools/shared/event-emitter.js:276:18
getMutations@resource://devtools/shared/fronts/walker.js:411:10

console.warn: LoginRecipes: "getRecipes: falling back to a synchronous message for:" "https://twitter.com"
1581686940040	Marionette	INFO	Stopped listening on port 35411
JavaScript warning: https://abs.twimg.com/responsive-web/web/vendors~main.e322e594.js, line 65: Error: Script terminated by timeout at:
le@https://abs.twimg.com/responsive-web/web/vendors~main.e322e594.js:65:5535
C@https://abs.twimg.com/responsive-web/web/vendors~main.e322e594.js:65:2161
P@https://abs.twimg.com/responsive-web/web/vendors~main.e322e594.js:65:1910
R@https://abs.twimg.com/responsive-web/web/vendors~main.e322e594.js:65:2997
kn@https://abs.twimg.com/responsive-web/web/vendors~main.e322e594.js:65:30395
Ia@https://abs.twimg.com/responsive-web/web/vendors~main.e322e594.js:65:98430
ze@https://abs.twimg.com/responsive-web/web/vendors~main.e322e594.js:65:10273
Cn@https://abs.twimg.com/responsive-web/web/vendors~main.e322e594.js:65:30876
Fa/<@https://abs.twimg.com/responsive-web/web/vendors~main.e322e594.js:65:98708
hf2P/</t.unstable_runWithPriority@https://abs.twimg.com/responsive-web/web/main.603ebc94.js:10:2818
Fa@https://abs.twimg.com/responsive-web/web/vendors~main.e322e594.js:65:98632
Tn@https://abs.twimg.com/responsive-web/web/vendors~main.e322e594.js:65:30619

console.warn: LoginRecipes: "getRecipes: falling back to a synchronous message for:" "https://twitter.com"
1581686980871	Marionette	INFO	Stopped listening on port 44451
1581686984451	mozrunner::runner	INFO	Running command: "/usr/bin/firefox" "-marionette" "-foreground" "-no-remote" "-profile" "/tmp/rust_mozprofileHnma4m"
1581686984770	addons.webextension.doh-rollout@mozilla.org	WARN	Loading extension 'doh-rollout@mozilla.org': Reading manifest: Invalid extension permission: networkStatus
1581686985119	addons.webextension.screenshots@mozilla.org	WARN	Loading extension 'screenshots@mozilla.org': Reading manifest: Invalid extension permission: mozillaAddons
1581686985119	addons.webextension.screenshots@mozilla.org	WARN	Loading extension 'screenshots@mozilla.org': Reading manifest: Invalid extension permission: telemetry
1581686985119	addons.webextension.screenshots@mozilla.org	WARN	Loading extension 'screenshots@mozilla.org': Reading manifest: Invalid extension permission: resource://pdf.js/
1581686985119	addons.webextension.screenshots@mozilla.org	WARN	Loading extension 'screenshots@mozilla.org': Reading manifest: Invalid extension permission: about:reader*
1581686986834	Marionette	INFO	Listening on port 44135
1581686986856	Marionette	WARN	TLS certificate errors will be ignored for this session
IPDL protocol error: Handler returned error code!

###!!! [Parent][DispatchAsyncMessage] Error: PLayerTransaction::Msg_ReleaseLayer Processing error: message was deserialized, but the handler returned false (indicating failure)

IPDL protocol error: Handler returned error code!

###!!! [Parent][DispatchAsyncMessage] Error: PLayerTransaction::Msg_ReleaseLayer Processing error: message was deserialized, but the handler returned false (indicating failure)

IPDL protocol error: Handler returned error code!

###!!! [Parent][DispatchAsyncMessage] Error: PLayerTransaction::Msg_ReleaseLayer Processing error: message was deserialized, but the handler returned false (indicating failure)

1581687082717	Marionette	INFO	Stopped listening on port 44135

###!!! [Parent][RunMessage] Error: Channel closing: too late to send/recv, messages will be lost

1581687778183	mozrunner::runner	INFO	Running command: "/usr/bin/firefox" "-marionette" "-foreground" "-no-remote" "-profile" "/tmp/rust_mozprofileP7Zm1o"
1581687778982	addons.webextension.doh-rollout@mozilla.org	WARN	Loading extension 'doh-rollout@mozilla.org': Reading manifest: Invalid extension permission: networkStatus
1581687779325	addons.webextension.screenshots@mozilla.org	WARN	Loading extension 'screenshots@mozilla.org': Reading manifest: Invalid extension permission: mozillaAddons
1581687779325	addons.webextension.screenshots@mozilla.org	WARN	Loading extension 'screenshots@mozilla.org': Reading manifest: Invalid extension permission: telemetry
1581687779326	addons.webextension.screenshots@mozilla.org	WARN	Loading extension 'screenshots@mozilla.org': Reading manifest: Invalid extension permission: resource://pdf.js/
1581687779326	addons.webextension.screenshots@mozilla.org	WARN	Loading extension 'screenshots@mozilla.org': Reading manifest: Invalid extension permission: about:reader*
1581687781166	Marionette	INFO	Listening on port 46497
1581687781211	Marionette	WARN	TLS certificate errors will be ignored for this session
JavaScript error: https://twitter.com/, line 148: Error: 
1581688286923	mozrunner::runner	INFO	Running command: "/usr/bin/firefox" "-marionette" "-foreground" "-no-remote" "-profile" "/tmp/rust_mozprofileliFStV"
1581688287211	addons.webextension.doh-rollout@mozilla.org	WARN	Loading extension 'doh-rollout@mozilla.org': Reading manifest: Invalid extension permission: networkStatus
1581688287537	addons.webextension.screenshots@mozilla.org	WARN	Loading extension 'screenshots@mozilla.org': Reading manifest: Invalid extension permission: mozillaAddons
1581688287537	addons.webextension.screenshots@mozilla.org	WARN	Loading extension 'screenshots@mozilla.org': Reading manifest: Invalid extension permission: telemetry
1581688287537	addons.webextension.screenshots@mozilla.org	WARN	Loading extension 'screenshots@mozilla.org': Reading manifest: Invalid extension permission: resource://pdf.js/
1581688287537	addons.webextension.screenshots@mozilla.org	WARN	Loading extension 'screenshots@mozilla.org': Reading manifest: Invalid extension permission: about:reader*
1581688289099	Marionette	INFO	Listening on port 42087
1581688289164	Marionette	WARN	TLS certificate errors will be ignored for this session
console.error: (new TypeError("parent is null", "resource://devtools/client/inspector/shared/style-change-tracker.js", 67))
TypeError: parent is null: canMutationImpactCurrentStyles@resource://devtools/client/inspector/shared/style-change-tracker.js:67:24
onMutations@resource://devtools/client/inspector/shared/style-change-tracker.js:84:41
emit@resource://devtools/shared/event-emitter.js:195:24
emit@resource://devtools/shared/event-emitter.js:276:18
getMutations@resource://devtools/shared/fronts/walker.js:411:10

1581688509023	mozrunner::runner	INFO	Running command: "/usr/bin/firefox" "-marionette" "-foreground" "-no-remote" "-profile" "/tmp/rust_mozprofile81jebW"
1581688509290	addons.webextension.doh-rollout@mozilla.org	WARN	Loading extension 'doh-rollout@mozilla.org': Reading manifest: Invalid extension permission: networkStatus
1581688509597	addons.webextension.screenshots@mozilla.org	WARN	Loading extension 'screenshots@mozilla.org': Reading manifest: Invalid extension permission: mozillaAddons
1581688509597	addons.webextension.screenshots@mozilla.org	WARN	Loading extension 'screenshots@mozilla.org': Reading manifest: Invalid extension permission: telemetry
1581688509597	addons.webextension.screenshots@mozilla.org	WARN	Loading extension 'screenshots@mozilla.org': Reading manifest: Invalid extension permission: resource://pdf.js/
1581688509597	addons.webextension.screenshots@mozilla.org	WARN	Loading extension 'screenshots@mozilla.org': Reading manifest: Invalid extension permission: about:reader*
1581688511311	Marionette	INFO	Listening on port 43823
1581688511387	Marionette	WARN	TLS certificate errors will be ignored for this session
1581688544786	Marionette	INFO	Stopped listening on port 43823
IPDL protocol error: Handler returned error code!

###!!! [Parent][DispatchAsyncMessage] Error: PLayerTransaction::Msg_ReleaseLayer Processing error: message was deserialized, but the handler returned false (indicating failure)

IPDL protocol error: Handler returned error code!

###!!! [Parent][DispatchAsyncMessage] Error: PLayerTransaction::Msg_ReleaseLayer Processing error: message was deserialized, but the handler returned false (indicating failure)

IPDL protocol error: Handler returned error code!

###!!! [Parent][DispatchAsyncMessage] Error: PLayerTransaction::Msg_ReleaseLayer Processing error: message was deserialized, but the handler returned false (indicating failure)

IPDL protocol error: Handler returned error code!

###!!! [Parent][DispatchAsyncMessage] Error: PLayerTransaction::Msg_ReleaseLayer Processing error: message was deserialized, but the handler returned false (indicating failure)

IPDL protocol error: Handler returned error code!

###!!! [Parent][DispatchAsyncMessage] Error: PLayerTransaction::Msg_ReleaseLayer Processing error: message was deserialized, but the handler returned false (indicating failure)

IPDL protocol error: Handler returned error code!

###!!! [Parent][DispatchAsyncMessage] Error: PLayerTransaction::Msg_ReleaseLayer Processing error: message was deserialized, but the handler returned false (indicating failure)

1581688718682	Marionette	INFO	Stopped listening on port 42087
1581689086918	mozrunner::runner	INFO	Running command: "/usr/bin/firefox" "-marionette" "-foreground" "-no-remote" "-profile" "/tmp/rust_mozprofile4Vo5tL"
1581689087206	addons.webextension.doh-rollout@mozilla.org	WARN	Loading extension 'doh-rollout@mozilla.org': Reading manifest: Invalid extension permission: networkStatus
1581689087617	addons.webextension.screenshots@mozilla.org	WARN	Loading extension 'screenshots@mozilla.org': Reading manifest: Invalid extension permission: mozillaAddons
1581689087617	addons.webextension.screenshots@mozilla.org	WARN	Loading extension 'screenshots@mozilla.org': Reading manifest: Invalid extension permission: telemetry
1581689087618	addons.webextension.screenshots@mozilla.org	WARN	Loading extension 'screenshots@mozilla.org': Reading manifest: Invalid extension permission: resource://pdf.js/
1581689087618	addons.webextension.screenshots@mozilla.org	WARN	Loading extension 'screenshots@mozilla.org': Reading manifest: Invalid extension permission: about:reader*
1581689089141	Marionette	INFO	Listening on port 46767
1581689089225	Marionette	WARN	TLS certificate errors will be ignored for this session
JavaScript error: resource://gre/actors/PictureInPictureChild.jsm, line 353: TypeError: this.contentWindow.windowRoot is null
IPDL protocol error: Handler returned error code!

###!!! [Parent][DispatchAsyncMessage] Error: PLayerTransaction::Msg_ReleaseLayer Processing error: message was deserialized, but the handler returned false (indicating failure)

IPDL protocol error: Handler returned error code!

###!!! [Parent][DispatchAsyncMessage] Error: PLayerTransaction::Msg_ReleaseLayer Processing error: message was deserialized, but the handler returned false (indicating failure)

IPDL protocol error: Handler returned error code!

###!!! [Parent][DispatchAsyncMessage] Error: PLayerTransaction::Msg_ReleaseLayer Processing error: message was deserialized, but the handler returned false (indicating failure)

1581689394835	Marionette	INFO	Stopped listening on port 46767
1581689417560	mozrunner::runner	INFO	Running command: "/usr/bin/firefox" "-marionette" "-foreground" "-no-remote" "-profile" "/tmp/rust_mozprofileP70wBm"
1581689417822	addons.webextension.doh-rollout@mozilla.org	WARN	Loading extension 'doh-rollout@mozilla.org': Reading manifest: Invalid extension permission: networkStatus
1581689418153	addons.webextension.screenshots@mozilla.org	WARN	Loading extension 'screenshots@mozilla.org': Reading manifest: Invalid extension permission: mozillaAddons
1581689418153	addons.webextension.screenshots@mozilla.org	WARN	Loading extension 'screenshots@mozilla.org': Reading manifest: Invalid extension permission: telemetry
1581689418153	addons.webextension.screenshots@mozilla.org	WARN	Loading extension 'screenshots@mozilla.org': Reading manifest: Invalid extension permission: resource://pdf.js/
1581689418153	addons.webextension.screenshots@mozilla.org	WARN	Loading extension 'screenshots@mozilla.org': Reading manifest: Invalid extension permission: about:reader*
1581689419822	Marionette	INFO	Listening on port 36277
1581689419881	Marionette	WARN	TLS certificate errors will be ignored for this session
1581689612264	mozrunner::runner	INFO	Running command: "/usr/bin/firefox" "-marionette" "-foreground" "-no-remote" "-profile" "/tmp/rust_mozprofile0aDSLc"
1581689612530	addons.webextension.doh-rollout@mozilla.org	WARN	Loading extension 'doh-rollout@mozilla.org': Reading manifest: Invalid extension permission: networkStatus
1581689612835	addons.webextension.screenshots@mozilla.org	WARN	Loading extension 'screenshots@mozilla.org': Reading manifest: Invalid extension permission: mozillaAddons
1581689612835	addons.webextension.screenshots@mozilla.org	WARN	Loading extension 'screenshots@mozilla.org': Reading manifest: Invalid extension permission: telemetry
1581689612835	addons.webextension.screenshots@mozilla.org	WARN	Loading extension 'screenshots@mozilla.org': Reading manifest: Invalid extension permission: resource://pdf.js/
1581689612835	addons.webextension.screenshots@mozilla.org	WARN	Loading extension 'screenshots@mozilla.org': Reading manifest: Invalid extension permission: about:reader*
1581689614339	Marionette	INFO	Listening on port 44371
1581689614411	Marionette	WARN	TLS certificate errors will be ignored for this session
JavaScript error: resource://gre/actors/PictureInPictureChild.jsm, line 353: TypeError: this.contentWindow.windowRoot is null

###!!! [Child][RunMessage] Error: Channel closing: too late to send/recv, messages will be lost

1581689733735	Marionette	INFO	Stopped listening on port 44371
1581689738987	mozrunner::runner	INFO	Running command: "/usr/bin/firefox" "-marionette" "-foreground" "-no-remote" "-profile" "/tmp/rust_mozprofileqvHeWY"
1581689739293	addons.webextension.doh-rollout@mozilla.org	WARN	Loading extension 'doh-rollout@mozilla.org': Reading manifest: Invalid extension permission: networkStatus
1581689739612	addons.webextension.screenshots@mozilla.org	WARN	Loading extension 'screenshots@mozilla.org': Reading manifest: Invalid extension permission: mozillaAddons
1581689739612	addons.webextension.screenshots@mozilla.org	WARN	Loading extension 'screenshots@mozilla.org': Reading manifest: Invalid extension permission: telemetry
1581689739612	addons.webextension.screenshots@mozilla.org	WARN	Loading extension 'screenshots@mozilla.org': Reading manifest: Invalid extension permission: resource://pdf.js/
1581689739612	addons.webextension.screenshots@mozilla.org	WARN	Loading extension 'screenshots@mozilla.org': Reading manifest: Invalid extension permission: about:reader*
1581689741100	Marionette	INFO	Listening on port 46433
1581689741194	Marionette	WARN	TLS certificate errors will be ignored for this session
IPDL protocol error: Handler returned error code!

###!!! [Parent][DispatchAsyncMessage] Error: PLayerTransaction::Msg_ReleaseLayer Processing error: message was deserialized, but the handler returned false (indicating failure)

IPDL protocol error: Handler returned error code!

###!!! [Parent][DispatchAsyncMessage] Error: PLayerTransaction::Msg_ReleaseLayer Processing error: message was deserialized, but the handler returned false (indicating failure)

IPDL protocol error: Handler returned error code!

###!!! [Parent][DispatchAsyncMessage] Error: PLayerTransaction::Msg_ReleaseLayer Processing error: message was deserialized, but the handler returned false (indicating failure)


###!!! [Child][RunMessage] Error: Channel closing: too late to send/recv, messages will be lost


###!!! [Child][RunMessage] Error: Channel closing: too late to send/recv, messages will be lost

1581689749307	Marionette	INFO	Stopped listening on port 36277
console.error: "Error while calling actor 'pagestyle's method 'getLayout'" "node is null"
console.error: "getLayout@resource://devtools/server/actors/styles.js:944:5\nhandler@resource://devtools/shared/protocol/Actor.js:154:37\nonPacket@resource://devtools/server/debugger-server-connection.js:380:58\nreceiveMessage@resource://devtools/shared/transport/child-transport.js:66:16\n"
console.error: (new Error("Protocol error (unknownError): node is null", "resource://devtools/shared/protocol/Front.js", 276))
console.warn: LoginRecipes: "getRecipes: falling back to a synchronous message for:" "https://www.instagram.com"
console.warn: LoginRecipes: "getRecipes: falling back to a synchronous message for:" "https://www.instagram.com"
console.warn: LoginRecipes: "getRecipes: falling back to a synchronous message for:" "https://www.instagram.com"
JavaScript error: resource://devtools/server/actors/stylesheets.js, line 409: TypeError: this.ownerNode is null
JavaScript error: resource://devtools/server/actors/stylesheets.js, line 409: TypeError: this.ownerNode is null
1581690883003	Marionette	INFO	Stopped listening on port 46497
1581690898449	Marionette	INFO	Stopped listening on port 46433
1581690925338	mozrunner::runner	INFO	Running command: "/usr/bin/firefox" "-marionette" "-foreground" "-no-remote" "-profile" "/tmp/rust_mozprofilew4hfXS"
1581690925635	addons.webextension.doh-rollout@mozilla.org	WARN	Loading extension 'doh-rollout@mozilla.org': Reading manifest: Invalid extension permission: networkStatus
1581690925930	addons.webextension.screenshots@mozilla.org	WARN	Loading extension 'screenshots@mozilla.org': Reading manifest: Invalid extension permission: mozillaAddons
1581690925930	addons.webextension.screenshots@mozilla.org	WARN	Loading extension 'screenshots@mozilla.org': Reading manifest: Invalid extension permission: telemetry
1581690925930	addons.webextension.screenshots@mozilla.org	WARN	Loading extension 'screenshots@mozilla.org': Reading manifest: Invalid extension permission: resource://pdf.js/
1581690925930	addons.webextension.screenshots@mozilla.org	WARN	Loading extension 'screenshots@mozilla.org': Reading manifest: Invalid extension permission: about:reader*
1581690927436	Marionette	INFO	Listening on port 33563
1581690927488	Marionette	WARN	TLS certificate errors will be ignored for this session
1581690974577	Marionette	INFO	Stopped listening on port 33563
1581690979647	mozrunner::runner	INFO	Running command: "/usr/bin/firefox" "-marionette" "-foreground" "-no-remote" "-profile" "/tmp/rust_mozprofileuvWtbQ"
1581690979930	addons.webextension.doh-rollout@mozilla.org	WARN	Loading extension 'doh-rollout@mozilla.org': Reading manifest: Invalid extension permission: networkStatus
1581690980263	addons.webextension.screenshots@mozilla.org	WARN	Loading extension 'screenshots@mozilla.org': Reading manifest: Invalid extension permission: mozillaAddons
1581690980263	addons.webextension.screenshots@mozilla.org	WARN	Loading extension 'screenshots@mozilla.org': Reading manifest: Invalid extension permission: telemetry
1581690980264	addons.webextension.screenshots@mozilla.org	WARN	Loading extension 'screenshots@mozilla.org': Reading manifest: Invalid extension permission: resource://pdf.js/
1581690980264	addons.webextension.screenshots@mozilla.org	WARN	Loading extension 'screenshots@mozilla.org': Reading manifest: Invalid extension permission: about:reader*
1581690981748	Marionette	INFO	Listening on port 37685
1581690981757	Marionette	WARN	TLS certificate errors will be ignored for this session
1581691015473	mozrunner::runner	INFO	Running command: "/usr/bin/firefox" "-marionette" "-foreground" "-no-remote" "-profile" "/tmp/rust_mozprofileTinTr2"
1581691015774	addons.webextension.doh-rollout@mozilla.org	WARN	Loading extension 'doh-rollout@mozilla.org': Reading manifest: Invalid extension permission: networkStatus
1581691016081	addons.webextension.screenshots@mozilla.org	WARN	Loading extension 'screenshots@mozilla.org': Reading manifest: Invalid extension permission: mozillaAddons
1581691016081	addons.webextension.screenshots@mozilla.org	WARN	Loading extension 'screenshots@mozilla.org': Reading manifest: Invalid extension permission: telemetry
1581691016082	addons.webextension.screenshots@mozilla.org	WARN	Loading extension 'screenshots@mozilla.org': Reading manifest: Invalid extension permission: resource://pdf.js/
1581691016082	addons.webextension.screenshots@mozilla.org	WARN	Loading extension 'screenshots@mozilla.org': Reading manifest: Invalid extension permission: about:reader*
1581691017550	Marionette	INFO	Listening on port 45109
1581691017620	Marionette	WARN	TLS certificate errors will be ignored for this session
1581691085173	mozrunner::runner	INFO	Running command: "/usr/bin/firefox" "-marionette" "-foreground" "-no-remote" "-profile" "/tmp/rust_mozprofilecNwD6N"
1581691085479	addons.webextension.doh-rollout@mozilla.org	WARN	Loading extension 'doh-rollout@mozilla.org': Reading manifest: Invalid extension permission: networkStatus
1581691085752	Marionette	INFO	Stopped listening on port 45109
1581691085839	addons.webextension.screenshots@mozilla.org	WARN	Loading extension 'screenshots@mozilla.org': Reading manifest: Invalid extension permission: mozillaAddons
1581691085839	addons.webextension.screenshots@mozilla.org	WARN	Loading extension 'screenshots@mozilla.org': Reading manifest: Invalid extension permission: telemetry
1581691085839	addons.webextension.screenshots@mozilla.org	WARN	Loading extension 'screenshots@mozilla.org': Reading manifest: Invalid extension permission: resource://pdf.js/
1581691085839	addons.webextension.screenshots@mozilla.org	WARN	Loading extension 'screenshots@mozilla.org': Reading manifest: Invalid extension permission: about:reader*
1581691087529	Marionette	INFO	Listening on port 45515
1581691087580	Marionette	WARN	TLS certificate errors will be ignored for this session
1581691174176	mozrunner::runner	INFO	Running command: "/usr/bin/firefox" "-marionette" "-foreground" "-no-remote" "-profile" "/tmp/rust_mozprofileAoz1P2"
1581691174450	addons.webextension.doh-rollout@mozilla.org	WARN	Loading extension 'doh-rollout@mozilla.org': Reading manifest: Invalid extension permission: networkStatus
1581691174753	addons.webextension.screenshots@mozilla.org	WARN	Loading extension 'screenshots@mozilla.org': Reading manifest: Invalid extension permission: mozillaAddons
1581691174753	addons.webextension.screenshots@mozilla.org	WARN	Loading extension 'screenshots@mozilla.org': Reading manifest: Invalid extension permission: telemetry
1581691174753	addons.webextension.screenshots@mozilla.org	WARN	Loading extension 'screenshots@mozilla.org': Reading manifest: Invalid extension permission: resource://pdf.js/
1581691174753	addons.webextension.screenshots@mozilla.org	WARN	Loading extension 'screenshots@mozilla.org': Reading manifest: Invalid extension permission: about:reader*
1581691176215	Marionette	INFO	Listening on port 40207
1581691176283	Marionette	WARN	TLS certificate errors will be ignored for this session
1581691181954	Marionette	INFO	Stopped listening on port 45515
1581691186997	Marionette	INFO	Stopped listening on port 37685

###!!! [Child][MessageChannel] Error: (msgtype=0x59000D,name=PHttpChannel::Msg_DeletingChannel) Channel closing: too late to send/recv, messages will be lost

1581691243484	Marionette	INFO	Stopped listening on port 40207
